0.984242  81.280823 10
1.822535  95.432027 20
2.660884  95.425652 30
3.497974  95.569174 40
4.336276  95.431002 50
5.174532  95.436239 60
6.011792  95.549769 70
6.850010  95.440566 80
7.688279  95.434759 90
8.525457  95.559128 100
9.363739  95.433279 110
10.200890  95.562210 120
11.039046  95.447626 130
11.877522  95.411198 140
12.714726  95.556161 150
13.552886  95.447170 160
14.391193  95.430433 170
15.228546  95.539157 180
16.066654  95.453092 190
16.904959  95.430661 200
17.742276  95.543265 210
18.580469  95.443412 220
19.418040  95.514291 230
20.256164  95.451270 240
21.094297  95.450245 250
21.932522  95.439769 260
22.768864  95.654648 270
23.606933  95.457534 280
24.443909  95.582191 290
25.282626  95.383783 300
26.120790  95.446714 310
26.965560  94.700333 320
27.803785  95.439769 330
28.641329  95.517370 340
29.479510  95.444779 350
30.317630  95.451725 360
31.155212  95.513036 370
31.993308  95.454459 380
32.831552  95.437605 390
33.669616  95.458103 400
34.506693  95.570658 410
35.345312  95.394929 420
36.183216  95.476331 430
37.020488  95.548400 440
37.859113  95.394247 450
38.696181  95.571686 460
39.534319  95.449675 470
40.372413  95.454686 480
41.209959  95.517142 490
42.048116  95.447512 500
42.886240  95.451270 510
43.723750  95.521248 520
44.561964  95.441021 530
45.398942  95.581963 540
46.236466  95.519651 550
47.074667  95.442501 560
47.911590  95.588244 570
48.749684  95.454686 580
49.588405  95.383328 590
50.425427  95.576938 600
51.263552  95.451156 610
52.101058  95.521704 620
